2023-12-24 19:13:54 [Final_TC1] (main:) Login Started
2023-12-24 19:14:33 [Final_TC1] (main:) Test Case 1 - Login Successfully - Completed
2023-12-24 19:14:34 [Final_TC1] (main:) Trending Click process Started
2023-12-24 19:14:37 [Final_TC1] (main:) Trending Click process - Completed
2023-12-24 19:14:37 [Final_TC1] (main:) Assertion is getting Pass
2023-12-24 19:14:37 [Final_TC1] (main:) Logout process Started
2023-12-24 19:14:47 [Final_TC1] (main:) Logout Successfully - Completed
2023-12-24 19:14:58 [Final_TC2] (main:) Login successfully - started
2023-12-24 19:15:37 [Final_TC2] (main:) Login successfully - Completed
2023-12-24 19:19:06 [Final_TC1] (main:) Login Started
2023-12-24 19:19:45 [Final_TC1] (main:) Test Case 1 - Login Successfully - Completed
2023-12-24 19:19:45 [Final_TC1] (main:) Trending Click process Started
2023-12-24 19:19:48 [Final_TC1] (main:) Trending Click process - Completed
2023-12-24 19:19:48 [Final_TC1] (main:) Assertion is getting Pass
2023-12-24 19:19:48 [Final_TC1] (main:) Logout process Started
2023-12-24 19:19:58 [Final_TC1] (main:) Logout Successfully - Completed
2023-12-24 19:20:08 [Final_TC2] (main:) Login successfully - started
2023-12-24 19:20:47 [Final_TC2] (main:) Login successfully - Completed
2023-12-24 19:22:08 [Final_TC1] (main:) Login Started
2023-12-24 19:22:45 [Final_TC1] (main:) Test Case 1 - Login Successfully - Completed
2023-12-24 19:22:45 [Final_TC1] (main:) Trending Click process Started
2023-12-24 19:22:49 [Final_TC1] (main:) Trending Click process - Completed
2023-12-24 19:22:49 [Final_TC1] (main:) Assertion is getting Pass
2023-12-24 19:22:49 [Final_TC1] (main:) Logout process Started
2023-12-24 19:22:59 [Final_TC1] (main:) Logout Successfully - Completed
2023-12-24 19:23:08 [Final_TC2] (main:) Login successfully - started
2023-12-24 19:23:46 [Final_TC2] (main:) Login successfully - Completed
2023-12-24 19:23:46 [Final_TC2] (main:) Click on History  - Started
2023-12-24 19:23:48 [Final_TC2] (main:) Click on History - Completed
2023-12-24 19:23:48 [Final_TC2] (main:) Logout process - Started
2023-12-24 19:23:56 [Final_TC2] (main:) Logout process - Completed
2024-01-05 22:52:07 [Final_TC1] (main:) Login Started
2024-01-05 22:52:48 [Final_TC1] (main:) Test Case 1 - Login Successfully - Completed
2024-01-05 22:52:48 [Final_TC1] (main:) Trending Click process Started
2024-01-05 22:52:52 [Final_TC1] (main:) Trending Click process - Completed
2024-01-05 22:52:52 [Final_TC1] (main:) Assertion is getting Pass
2024-01-05 22:52:52 [Final_TC1] (main:) Logout process Started
2024-01-05 22:53:05 [Final_TC1] (main:) Logout Successfully - Completed
2024-01-05 22:53:16 [Final_TC2] (main:) Login successfully - started
2024-01-05 22:53:55 [Final_TC2] (main:) Login successfully - Completed
2024-01-05 22:53:55 [Final_TC2] (main:) Click on History  - Started
2024-01-05 22:53:58 [Final_TC2] (main:) Click on History - Completed
2024-01-05 22:53:58 [Final_TC2] (main:) Logout process - Started
2024-01-05 22:54:06 [Final_TC2] (main:) Logout process - Completed
2024-01-06 01:00:47 [Final_TC1] (main:) Login Started
2024-01-06 01:01:26 [Final_TC1] (main:) Test Case 1 - Login Successfully - Completed
2024-01-06 01:01:26 [Final_TC1] (main:) Trending Click process Started
2024-01-06 01:01:29 [Final_TC1] (main:) Trending Click process - Completed
2024-01-06 01:01:29 [Final_TC1] (main:) Assertion is getting Pass
2024-01-06 01:01:29 [Final_TC1] (main:) Logout process Started
2024-01-06 01:01:40 [Final_TC1] (main:) Logout Successfully - Completed
2024-01-06 01:01:50 [Final_TC2] (main:) Login successfully - started
2024-01-06 01:02:28 [Final_TC2] (main:) Login successfully - Completed
2024-01-06 01:02:28 [Final_TC2] (main:) Click on History  - Started
2024-01-06 01:02:31 [Final_TC2] (main:) Click on History - Completed
2024-01-06 01:02:31 [Final_TC2] (main:) Logout process - Started
2024-01-06 01:02:38 [Final_TC2] (main:) Logout process - Completed
